*** Starting uWSGI 2.0.15 (64bit) on [Mon Jul 16 19:10:23 2018] ***
compiled with version: 5.4.0 20160609 on 22 December 2017 10:25:14
os: Linux-4.4.0-53-generic #74-Ubuntu SMP Fri Dec 2 15:59:10 UTC 2016
nodename: VM-218-113-ubuntu
machine: x86_64
clock source: unix
detected number of CPU cores: 1
current working directory: /var/www/jzxy_quality
writing pidfile to /var/www/jzxy_quality/script/uwsgi.pid
detected binary path: /usr/local/bin/uwsgi
!!! no internal routing support, rebuild with pcre support !!!
chdir() to /var/www/jzxy_quality
your processes number limit is 3308
your memory page size is 4096 bytes
detected max file descriptor number: 1024
building mime-types dictionary from file /etc/mime.types...552 entry found
lock engine: pthread robust mutexes
thunder lock: enabled
probably another instance of uWSGI is running on the same address (:8055).
bind(): Address already in use [core/socket.c line 769]
*** Starting uWSGI 2.0.15 (64bit) on [Mon Jul 16 19:15:37 2018] ***
compiled with version: 5.4.0 20160609 on 22 December 2017 10:25:14
os: Linux-4.4.0-53-generic #74-Ubuntu SMP Fri Dec 2 15:59:10 UTC 2016
nodename: VM-218-113-ubuntu
machine: x86_64
clock source: unix
detected number of CPU cores: 1
current working directory: /var/www/jzxy_quality
writing pidfile to /var/www/jzxy_quality/script/uwsgi.pid
detected binary path: /usr/local/bin/uwsgi
!!! no internal routing support, rebuild with pcre support !!!
chdir() to /var/www/jzxy_quality
your processes number limit is 3308
your memory page size is 4096 bytes
detected max file descriptor number: 1024
building mime-types dictionary from file /etc/mime.types...552 entry found
lock engine: pthread robust mutexes
thunder lock: enabled
uWSGI http bound on :8055 fd 3
uwsgi socket 0 bound to UNIX address /var/www/jzxy_quality/script/uwsgi.sock fd 6
Python version: 3.5.2 (default, Sep 14 2017, 22:51:06)  [GCC 5.4.0 20160609]
Python main interpreter initialized at 0x25d6830
python threads support enabled
your server socket listen backlog is limited to 100 connections
your mercy for graceful operations on workers is 60 seconds
mapped 485712 bytes (474 KB) for 5 cores
*** Operational MODE: preforking ***
WSGI app 0 (mountpoint='') ready in 4 seconds on interpreter 0x25d6830 pid: 1686 (default app)
*** uWSGI is running in multiple interpreter mode ***
spawned uWSGI master process (pid: 1686)
spawned uWSGI worker 1 (pid: 1690, cores: 1)
spawned uWSGI worker 2 (pid: 1691, cores: 1)
spawned uWSGI worker 3 (pid: 1692, cores: 1)
spawned uWSGI worker 4 (pid: 1693, cores: 1)
spawned uWSGI worker 5 (pid: 1694, cores: 1)
spawned uWSGI http 1 (pid: 1695)
[pid: 1693|app: 0|req: 1/1] 111.53.177.42 () {40 vars in 816 bytes} [Mon Jul 16 19:15:41 2018] GET / => generated 2233 bytes in 351 msecs (HTTP/1.1 200) 4 headers in 124 bytes (1 switches on core 0)
Not Found: /favicon.ico
[pid: 1691|app: 0|req: 1/2] 111.53.177.42 () {38 vars in 768 bytes} [Mon Jul 16 19:15:41 2018] GET /favicon.ico => generated 4435 bytes in 155 msecs (HTTP/1.1 404) 3 headers in 102 bytes (1 switches on core 0)
gateway "uWSGI http 1" has been buried (pid: 1695)
...gracefully killing workers...
Gracefully killing worker 1 (pid: 1690)...
Gracefully killing worker 2 (pid: 1691)...
Gracefully killing worker 3 (pid: 1692)...
Gracefully killing worker 4 (pid: 1693)...
Gracefully killing worker 5 (pid: 1694)...
worker 1 buried after 1 seconds
worker 2 buried after 1 seconds
worker 3 buried after 1 seconds
worker 4 buried after 1 seconds
worker 5 buried after 1 seconds
binary reloading uWSGI...
chdir() to /var/www/jzxy_quality
closing all non-uwsgi socket fds > 2 (max_fd = 1024)...
found fd 6 mapped to socket 0 (/var/www/jzxy_quality/script/uwsgi.sock)
running /usr/local/bin/uwsgi
[uWSGI] getting INI configuration from uwsgi.ini
[uwsgi-static] added mapping for /static => /var/www/jzxy_quality/static
*** Starting uWSGI 2.0.15 (64bit) on [Mon Jul 16 19:16:38 2018] ***
compiled with version: 5.4.0 20160609 on 22 December 2017 10:25:14
os: Linux-4.4.0-53-generic #74-Ubuntu SMP Fri Dec 2 15:59:10 UTC 2016
nodename: VM-218-113-ubuntu
machine: x86_64
clock source: unix
detected number of CPU cores: 1
current working directory: /var/www/jzxy_quality
detected binary path: /usr/local/bin/uwsgi
!!! no internal routing support, rebuild with pcre support !!!
chdir() to /var/www/jzxy_quality
your processes number limit is 3308
your memory page size is 4096 bytes
detected max file descriptor number: 1024
building mime-types dictionary from file /etc/mime.types...552 entry found
lock engine: pthread robust mutexes
thunder lock: enabled
uWSGI http bound on :8055 fd 3
uwsgi socket 0 inherited UNIX address /var/www/jzxy_quality/script/uwsgi.sock fd 6
Python version: 3.5.2 (default, Sep 14 2017, 22:51:06)  [GCC 5.4.0 20160609]
Python main interpreter initialized at 0x25c5790
python threads support enabled
your server socket listen backlog is limited to 100 connections
your mercy for graceful operations on workers is 60 seconds
mapped 485712 bytes (474 KB) for 5 cores
*** Operational MODE: preforking ***
WSGI app 0 (mountpoint='') ready in 1 seconds on interpreter 0x25c5790 pid: 1686 (default app)
*** uWSGI is running in multiple interpreter mode ***
gracefully (RE)spawned uWSGI master process (pid: 1686)
spawned uWSGI worker 1 (pid: 1781, cores: 1)
spawned uWSGI worker 2 (pid: 1782, cores: 1)
spawned uWSGI worker 3 (pid: 1783, cores: 1)
spawned uWSGI worker 4 (pid: 1784, cores: 1)
spawned uWSGI worker 5 (pid: 1785, cores: 1)
spawned uWSGI http 1 (pid: 1786)
[pid: 1783|app: 0|req: 1/1] 111.53.177.42 () {40 vars in 816 bytes} [Mon Jul 16 19:16:39 2018] GET / => generated 2510 bytes in 179 msecs (HTTP/1.1 200) 5 headers in 278 bytes (1 switches on core 0)
[pid: 1784|app: 0|req: 1/2] 111.53.177.42 () {42 vars in 820 bytes} [Mon Jul 16 19:17:01 2018] GET / => generated 2510 bytes in 185 msecs (HTTP/1.1 200) 5 headers in 278 bytes (2 switches on core 0)
Not Found: /favicon.ico
[pid: 1782|app: 0|req: 1/3] 111.53.177.42 () {42 vars in 825 bytes} [Mon Jul 16 19:17:02 2018] GET /favicon.ico => generated 4435 bytes in 138 msecs (HTTP/1.1 404) 3 headers in 102 bytes (1 switches on core 0)
